{"name": "User can serach a products", "status": "broken", "statusDetails": {"message": "selenium.common.exceptions.NoSuchElementException: Message: no such element: Unable to locate element: {\"method\":\"xpath\",\"selector\":\"//h1[@class='srp-controls__count-heading']/span[2]\"}\n  (Session info: chrome=78.0.3904.108)\n\n", "trace": "  File \"c:\\users\\andrey\\python-selenium-automation\\lib\\site-packages\\behave\\model.py\", line 1329, in run\n    match.run(runner.context)\n  File \"c:\\users\\andrey\\python-selenium-automation\\lib\\site-packages\\behave\\matchers.py\", line 98, in run\n    self.func(context, *args, **kwargs)\n  File \"features\\steps\\product_search_amazon.py\", line 80, in verify_serch_product\n    context.app.search_results_page.verify_serch_product(word)\n  File \"C:\\Users\\Andrey\\Desktop\\python-selenium-automation\\pages\\search_ebay_page.py\", line 9, in verify_serch_product\n    self.verify_text(test, *self.search_text)\n  File \"C:\\Users\\Andrey\\Desktop\\python-selenium-automation\\pages\\base_page.py\", line 49, in verify_text\n    actual_text = self.driver.find_element(*locator).text\n  File \"c:\\users\\andrey\\python-selenium-automation\\lib\\site-packages\\selenium\\webdriver\\remote\\webdriver.py\", line 978, in find_element\n    'value': value})['value']\n  File \"c:\\users\\andrey\\python-selenium-automation\\lib\\site-packages\\selenium\\webdriver\\remote\\webdriver.py\", line 321, in execute\n    self.error_handler.check_response(response)\n  File \"c:\\users\\andrey\\python-selenium-automation\\lib\\site-packages\\selenium\\webdriver\\remote\\errorhandler.py\", line 242, in check_response\n    raise exception_class(message, screen, stacktrace)\n"}, "steps": [{"name": "Given Open Amazon page", "status": "passed", "start": 1576210038507, "stop": 1576210041258}, {"name": "When Search the product Dress", "status": "passed", "start": 1576210041259, "stop": 1576210046992}, {"name": "Then Search result for \"Dress\" is shown", "status": "broken", "statusDetails": {"message": "selenium.common.exceptions.NoSuchElementException: Message: no such element: Unable to locate element: {\"method\":\"xpath\",\"selector\":\"//h1[@class='srp-controls__count-heading']/span[2]\"}\n  (Session info: chrome=78.0.3904.108)\n\n", "trace": "  File \"c:\\users\\andrey\\python-selenium-automation\\lib\\site-packages\\behave\\model.py\", line 1329, in run\n    match.run(runner.context)\n  File \"c:\\users\\andrey\\python-selenium-automation\\lib\\site-packages\\behave\\matchers.py\", line 98, in run\n    self.func(context, *args, **kwargs)\n  File \"features\\steps\\product_search_amazon.py\", line 80, in verify_serch_product\n    context.app.search_results_page.verify_serch_product(word)\n  File \"C:\\Users\\Andrey\\Desktop\\python-selenium-automation\\pages\\search_ebay_page.py\", line 9, in verify_serch_product\n    self.verify_text(test, *self.search_text)\n  File \"C:\\Users\\Andrey\\Desktop\\python-selenium-automation\\pages\\base_page.py\", line 49, in verify_text\n    actual_text = self.driver.find_element(*locator).text\n  File \"c:\\users\\andrey\\python-selenium-automation\\lib\\site-packages\\selenium\\webdriver\\remote\\webdriver.py\", line 978, in find_element\n    'value': value})['value']\n  File \"c:\\users\\andrey\\python-selenium-automation\\lib\\site-packages\\selenium\\webdriver\\remote\\webdriver.py\", line 321, in execute\n    self.error_handler.check_response(response)\n  File \"c:\\users\\andrey\\python-selenium-automation\\lib\\site-packages\\selenium\\webdriver\\remote\\errorhandler.py\", line 242, in check_response\n    raise exception_class(message, screen, stacktrace)\n"}, "start": 1576210046992, "stop": 1576210057040}], "start": 1576210029199, "stop": 1576210059426, "uuid": "48fca7b2-def9-4463-84c2-6c1f3e6556f9", "historyId": "97a4f22168a21b236c671818848033a9", "labels": [{"name": "severity", "value": "normal"}, {"name": "feature", "value": "Test for Amazon sesarch functionality"}, {"name": "framework", "value": "behave"}, {"name": "language", "value": "cpython3"}]}